info: Oct-16-2021 08:41:13: 	listen on port 5000
info: Oct-16-2021 08:41:13: 	db connection successful
error: Oct-16-2021 08:41:13: 	db connection successful
info: Oct-16-2021 08:47:25: 	listen on port 5000
info: Oct-16-2021 08:47:25: 	db connection successful
error: Oct-16-2021 08:47:25: 	db connection successful
info: Oct-16-2021 08:47:38: 	listen on port 5000
info: Oct-16-2021 08:47:39: 	db connection successful
error: Oct-16-2021 08:47:39: 	db connection successful
info: Oct-16-2021 08:48:38: 	listen on port 5000
info: Oct-16-2021 08:48:38: 	db connection successful
error: Oct-16-2021 08:48:38: 	db connection successful
info: Oct-16-2021 08:54:47: 	listen on port 5000
info: Oct-16-2021 08:54:48: 	db connection successful
info: Oct-16-2021 08:58:33: 	listen on port 5000
info: Oct-16-2021 08:58:33: 	db connection successful
info: Oct-16-2021 09:01:09: 	listen on port 5000
info: Oct-16-2021 09:01:09: 	db connection successful
info: Oct-16-2021 09:03:10: 	listen on port 5000
info: Oct-16-2021 09:03:10: 	db connection successful
info: Oct-16-2021 09:08:19: 	listen on port 5000
info: Oct-16-2021 09:08:19: 	db connection successful
info: Oct-16-2021 09:11:34: 	listen on port 5000
info: Oct-16-2021 09:11:34: 	db connection successful
info: Oct-16-2021 09:11:50: 	listen on port 5000
info: Oct-16-2021 09:11:50: 	db connection successful
info: Oct-16-2021 09:12:37: 	listen on port 5000
info: Oct-16-2021 09:12:38: 	db connection successful
info: Oct-16-2021 09:13:36: 	listen on port 5000
info: Oct-16-2021 09:13:36: 	db connection successful
info: Oct-16-2021 09:14:58: 	listen on port 5000
info: Oct-16-2021 09:14:58: 	db connection successful
info: Oct-16-2021 09:15:31: 	listen on port 5000
info: Oct-16-2021 09:15:31: 	db connection successful
info: Oct-16-2021 09:15:41: 	listen on port 5000
info: Oct-16-2021 09:15:42: 	db connection successful
info: Oct-16-2021 09:25:11: 	listen on port 5000
info: Oct-16-2021 09:25:12: 	db connection successful
info: Oct-16-2021 09:30:20: 	listen on port 5000
info: Oct-16-2021 09:30:21: 	db connection successful
info: Oct-16-2021 09:33:06: 	listen on port 5000
info: Oct-16-2021 09:33:06: 	db connection successful
info: Oct-16-2021 09:37:04: 	listen on port 5000
info: Oct-16-2021 09:37:04: 	db connection successful
info: Oct-16-2021 09:38:01: 	listen on port 5000
info: Oct-16-2021 09:38:02: 	db connection successful
info: Oct-16-2021 09:41:01: 	listen on port 5000
info: Oct-16-2021 09:41:02: 	db connection successful
error: Oct-16-2021 09:41:32: 	auth signin feeatrertewr or ooooop are incorrect
info: Oct-16-2021 09:43:47: 	listen on port 5000
info: Oct-16-2021 09:43:47: 	db connection successful
info: Oct-16-2021 09:44:47: 	listen on port 5000
info: Oct-16-2021 09:44:48: 	db connection successful
info: Oct-16-2021 09:46:10: 	listen on port 5000
info: Oct-16-2021 09:46:11: 	db connection successful
info: Oct-16-2021 09:47:06: 	listen on port 5000
info: Oct-16-2021 09:47:06: 	db connection successful
info: Oct-16-2021 09:47:59: 	listen on port 5000
info: Oct-16-2021 09:47:59: 	db connection successful
info: Oct-23-2021 08:57:04: 	listen on port 5000
info: Oct-23-2021 08:57:05: 	db connection successful
error: Oct-23-2021 08:58:28: 	auth signin jerome or &lt;p&gt;jerome&lt;&#x2F;p&gt; are incorrect
info: Oct-23-2021 09:15:16: 	listen on port 5000
info: Oct-23-2021 09:15:17: 	db connection successful
info: Oct-23-2021 09:16:28: 	listen on port 5000
info: Oct-23-2021 09:16:29: 	db connection successful
info: Oct-23-2021 09:17:26: 	listen on port 5000
info: Oct-23-2021 09:17:26: 	db connection successful
info: Oct-23-2021 09:19:14: 	listen on port 5000
info: Oct-23-2021 09:19:15: 	db connection successful
info: Oct-23-2021 09:22:50: 	listen on port 5000
info: Oct-23-2021 09:22:51: 	db connection successful
info: Oct-23-2021 09:23:32: 	listen on port 5000
info: Oct-23-2021 09:23:33: 	db connection successful
info: Oct-23-2021 09:28:41: 	listen on port 5000
info: Oct-23-2021 09:28:42: 	db connection successful
info: Oct-23-2021 09:30:50: 	listen on port 5000
info: Oct-23-2021 09:30:51: 	db connection successful
info: Oct-23-2021 09:32:40: 	listen on port 5000
info: Oct-23-2021 09:32:40: 	db connection successful
info: Oct-23-2021 09:33:45: 	listen on port 5000
info: Oct-23-2021 09:33:45: 	db connection successful
info: Oct-23-2021 09:35:06: 	listen on port 5000
info: Oct-23-2021 09:35:06: 	db connection successful
info: Oct-23-2021 09:35:23: 	listen on port 5000
info: Oct-23-2021 09:35:24: 	db connection successful
info: Oct-23-2021 09:40:05: 	listen on port 5000
info: Oct-23-2021 09:40:06: 	db connection successful
info: Oct-23-2021 09:46:20: 	listen on port 5000
info: Oct-23-2021 09:46:20: 	db connection successful
info: Oct-23-2021 09:47:30: 	listen on port 5000
info: Oct-23-2021 09:47:31: 	db connection successful
info: Oct-23-2021 09:51:38: 	listen on port 5000
info: Oct-23-2021 09:51:39: 	db connection successful
info: Oct-23-2021 09:56:21: 	listen on port 5000
info: Oct-23-2021 09:56:21: 	db connection successful
info: Oct-23-2021 10:00:38: 	listen on port 5000
info: Oct-23-2021 10:00:39: 	db connection successful
info: Oct-23-2021 10:06:47: 	listen on port 5000
info: Oct-23-2021 10:06:47: 	db connection successful
info: Oct-23-2021 10:07:45: 	listen on port 5000
info: Oct-23-2021 10:07:46: 	db connection successful
info: Oct-23-2021 10:09:06: 	listen on port 5000
info: Oct-23-2021 10:09:07: 	db connection successful
info: Oct-23-2021 10:12:09: 	listen on port 5000
info: Oct-23-2021 10:12:09: 	db connection successful
info: Oct-23-2021 10:12:16: 	listen on port 5000
info: Oct-23-2021 10:12:17: 	db connection successful
info: Oct-23-2021 10:15:04: 	listen on port 5000
info: Oct-23-2021 10:15:05: 	db connection successful
info: Oct-23-2021 10:15:56: 	listen on port 5000
info: Oct-23-2021 10:15:56: 	db connection successful
error: Oct-23-2021 10:16:05: 	[{"value":"","msg":"Invalid value","param":"serie","location":"body"},{"value":"","msg":"Invalid value","param":"wheel","location":"body"}]
info: Oct-23-2021 10:17:05: 	listen on port 5000
info: Oct-23-2021 10:17:06: 	db connection successful
error: Oct-23-2021 10:17:16: 	[{"value":"","msg":"Invalid value","param":"wheel","location":"body"}]
info: Oct-23-2021 10:18:30: 	listen on port 5000
info: Oct-23-2021 10:18:31: 	db connection successful
error: Oct-23-2021 10:18:46: 	[]
info: Oct-23-2021 10:20:05: 	listen on port 5000
info: Oct-23-2021 10:20:06: 	db connection successful
info: Oct-23-2021 10:21:04: 	listen on port 5000
info: Oct-23-2021 10:21:04: 	db connection successful
info: Oct-23-2021 10:22:20: 	listen on port 5000
info: Oct-23-2021 10:22:20: 	db connection successful
info: Oct-23-2021 10:24:34: 	listen on port 5000
info: Oct-23-2021 10:24:35: 	db connection successful
info: Oct-23-2021 10:25:31: 	listen on port 5000
info: Oct-23-2021 10:25:32: 	db connection successful
error: Oct-23-2021 10:25:39: 	[]
info: Oct-23-2021 10:26:06: 	listen on port 5000
info: Oct-23-2021 10:26:06: 	db connection successful
info: Oct-23-2021 10:27:39: 	listen on port 5000
info: Oct-23-2021 10:27:39: 	db connection successful
error: Oct-23-2021 10:27:55: 	[{"msg":"Invalid value","param":"picUrl","location":"body"}]
info: Oct-23-2021 10:29:49: 	listen on port 5000
info: Oct-23-2021 10:29:49: 	db connection successful
error: Oct-23-2021 10:29:56: 	[{"msg":"Invalid value","param":"picUrl","location":"body"}]
info: Oct-23-2021 10:30:24: 	listen on port 5000
info: Oct-23-2021 10:30:24: 	db connection successful
info: Oct-23-2021 10:31:08: 	listen on port 5000
info: Oct-23-2021 10:31:09: 	db connection successful
info: Oct-23-2021 10:32:31: 	listen on port 5000
info: Oct-23-2021 10:32:31: 	db connection successful
error: Oct-23-2021 10:32:38: 	[{"value":"","msg":"Invalid value","param":"serie","location":"body"}]
info: Oct-23-2021 10:33:00: 	listen on port 5000
info: Oct-23-2021 10:33:00: 	db connection successful
info: Oct-23-2021 10:34:19: 	listen on port 5000
info: Oct-23-2021 10:34:19: 	db connection successful
info: Oct-23-2021 10:35:24: 	listen on port 5000
info: Oct-23-2021 10:35:25: 	db connection successful
info: Oct-23-2021 10:38:07: 	listen on port 5000
info: Oct-23-2021 10:38:08: 	db connection successful
info: Oct-23-2021 10:38:12: 	listen on port 5000
info: Oct-23-2021 10:38:13: 	db connection successful
error: Oct-23-2021 10:38:31: 	[{"msg":"Invalid value","param":"style","location":"body"},{"msg":"Invalid value","param":"type","location":"body"},{"msg":"Invalid value","param":"bestSeller","location":"body"}]
info: Oct-23-2021 10:41:54: 	listen on port 5000
info: Oct-23-2021 10:41:54: 	db connection successful
info: Oct-23-2021 10:43:10: 	listen on port 5000
info: Oct-23-2021 10:43:10: 	db connection successful
info: Oct-23-2021 10:43:57: 	listen on port 5000
info: Oct-23-2021 10:43:58: 	db connection successful
error: Oct-23-2021 10:44:09: 	[{"msg":"Invalid value","param":"style","location":"body"},{"msg":"Invalid value","param":"type","location":"body"},{"msg":"Invalid value","param":"bestSeller","location":"body"}]
info: Oct-23-2021 10:45:45: 	listen on port 5000
info: Oct-23-2021 10:45:46: 	db connection successful
error: Oct-23-2021 10:45:59: 	[{"msg":"Invalid value","param":"style","location":"body"},{"msg":"Invalid value","param":"type","location":"body"},{"msg":"Invalid value","param":"bestSeller","location":"body"}]
info: Oct-23-2021 10:49:54: 	listen on port 5000
info: Oct-23-2021 10:49:55: 	db connection successful
info: Oct-23-2021 10:52:24: 	listen on port 5000
info: Oct-23-2021 10:52:24: 	db connection successful
error: Oct-23-2021 10:52:37: 	[{"msg":"Invalid value","param":"style","location":"body"},{"msg":"Invalid value","param":"type","location":"body"},{"msg":"Invalid value","param":"bestSeller","location":"body"}]
info: Oct-23-2021 10:54:17: 	listen on port 5000
info: Oct-23-2021 10:54:18: 	db connection successful
info: Oct-23-2021 10:55:32: 	listen on port 5000
info: Oct-23-2021 10:55:33: 	db connection successful
info: Oct-23-2021 10:56:26: 	listen on port 5000
info: Oct-23-2021 10:56:27: 	db connection successful
info: Oct-23-2021 10:56:38: 	listen on port 5000
info: Oct-23-2021 10:56:39: 	db connection successful
info: Oct-23-2021 10:58:27: 	listen on port 5000
info: Oct-23-2021 10:58:28: 	db connection successful
info: Oct-23-2021 10:58:39: 	listen on port 5000
info: Oct-23-2021 10:58:40: 	db connection successful
info: Oct-23-2021 11:09:00: 	listen on port 5000
info: Oct-23-2021 11:09:01: 	db connection successful
info: Nov-06-2021 10:31:54: 	listen on port 5000
info: Nov-06-2021 10:31:55: 	db connection successful
info: Nov-06-2021 10:41:58: 	listen on port 5000
info: Nov-06-2021 10:41:59: 	db connection successful
info: Nov-06-2021 10:43:09: 	listen on port 5000
info: Nov-06-2021 10:43:10: 	db connection successful
info: Nov-06-2021 10:45:38: 	listen on port 5000
info: Nov-06-2021 10:45:39: 	db connection successful
info: Nov-06-2021 10:56:31: 	listen on port 5000
info: Nov-06-2021 10:56:32: 	db connection successful
error: Nov-06-2021 10:56:59: 	[{"msg":"Invalid value","param":"style","location":"body"},{"msg":"Invalid value","param":"style","location":"body"}]
info: Nov-06-2021 10:58:32: 	listen on port 5000
info: Nov-06-2021 10:58:33: 	db connection successful
error: Nov-06-2021 10:58:46: 	[{"msg":"Invalid value","param":"style","location":"body"},{"msg":"Invalid value","param":"style","location":"body"}]
info: Nov-06-2021 11:03:21: 	listen on port 5000
info: Nov-06-2021 11:03:22: 	db connection successful
error: Nov-06-2021 11:03:32: 	[{"msg":"Invalid value","param":"allowHalfOpen","location":"body"},{"msg":"Invalid value","param":"allowHalfOpen","location":"body"}]
info: Nov-06-2021 11:07:16: 	listen on port 5000
info: Nov-06-2021 11:07:17: 	db connection successful
info: Nov-06-2021 11:07:22: 	listen on port 5000
info: Nov-06-2021 11:07:23: 	db connection successful
info: Nov-06-2021 11:18:17: 	listen on port 5000
info: Nov-06-2021 11:18:18: 	db connection successful
info: Nov-06-2021 11:19:22: 	listen on port 5000
info: Nov-06-2021 11:19:23: 	db connection successful
info: Nov-06-2021 11:20:13: 	listen on port 5000
info: Nov-06-2021 11:20:14: 	db connection successful
info: Nov-06-2021 11:24:07: 	listen on port 5000
info: Nov-06-2021 11:24:07: 	db connection successful
error: Nov-06-2021 11:24:22: 	[{"msg":"Invalid value","param":"method","location":"headers"},{"msg":"Invalid value","param":"method","location":"headers"}]
info: Nov-06-2021 11:27:11: 	listen on port 5000
info: Nov-06-2021 11:27:11: 	db connection successful
info: Nov-06-2021 11:28:03: 	listen on port 5000
info: Nov-06-2021 11:28:04: 	db connection successful
error: Nov-06-2021 11:28:12: 	[{"value":"close","msg":"Invalid value","param":"connection","location":"headers"}]
info: Nov-06-2021 11:28:50: 	listen on port 5000
info: Nov-06-2021 11:28:51: 	db connection successful
error: Nov-06-2021 11:29:01: 	[{"value":"close","msg":"Invalid value","param":"connection","location":"headers"}]
error: Nov-06-2021 11:30:53: 	[{"value":"close","msg":"Invalid value","param":"connection","location":"headers"}]
info: Nov-06-2021 11:36:00: 	listen on port 5000
info: Nov-06-2021 11:36:01: 	db connection successful
info: Nov-06-2021 11:36:50: 	listen on port 5000
info: Nov-06-2021 11:36:50: 	db connection successful
info: Nov-06-2021 11:36:54: 	listen on port 5000
info: Nov-06-2021 11:36:54: 	db connection successful
info: Nov-06-2021 11:39:28: 	listen on port 5000
info: Nov-06-2021 11:39:28: 	db connection successful
info: Nov-06-2021 11:56:21: 	listen on port 5000
info: Nov-06-2021 11:56:22: 	db connection successful
info: Nov-06-2021 11:57:46: 	listen on port 5000
info: Nov-06-2021 11:57:47: 	db connection successful
info: Nov-06-2021 11:58:44: 	listen on port 5000
info: Nov-06-2021 11:58:45: 	db connection successful
info: Nov-06-2021 12:01:22: 	listen on port 5000
info: Nov-06-2021 12:01:22: 	db connection successful
info: Nov-06-2021 12:05:42: 	listen on port 5000
info: Nov-06-2021 12:05:42: 	db connection successful
info: Nov-06-2021 12:07:05: 	listen on port 5000
info: Nov-06-2021 12:07:06: 	db connection successful
info: Nov-06-2021 12:09:40: 	listen on port 5000
info: Nov-06-2021 12:09:40: 	db connection successful
info: Nov-06-2021 12:14:26: 	listen on port 5000
info: Nov-06-2021 12:14:27: 	db connection successful
info: Nov-06-2021 13:33:20: 	listen on port 5000
info: Nov-06-2021 13:33:20: 	db connection successful
info: Nov-06-2021 13:35:06: 	listen on port 5000
info: Nov-06-2021 13:35:06: 	db connection successful
info: Nov-06-2021 13:36:29: 	listen on port 5000
info: Nov-06-2021 13:36:29: 	db connection successful
info: Nov-06-2021 13:38:03: 	listen on port 5000
info: Nov-06-2021 13:38:04: 	db connection successful
info: Nov-06-2021 13:38:10: 	listen on port 5000
info: Nov-06-2021 13:38:11: 	db connection successful
info: Nov-06-2021 13:50:13: 	listen on port 5000
info: Nov-06-2021 13:50:13: 	db connection successful
info: Nov-06-2021 13:51:09: 	listen on port 5000
info: Nov-06-2021 13:51:09: 	db connection successful
info: Nov-06-2021 13:52:06: 	listen on port 5000
info: Nov-06-2021 13:52:06: 	db connection successful
info: Nov-06-2021 13:53:13: 	listen on port 5000
info: Nov-06-2021 13:53:14: 	db connection successful
info: Nov-06-2021 13:55:42: 	listen on port 5000
info: Nov-06-2021 13:55:43: 	db connection successful
info: Nov-06-2021 14:03:26: 	listen on port 5000
info: Nov-06-2021 14:03:26: 	db connection successful
info: Nov-06-2021 14:04:30: 	listen on port 5000
info: Nov-06-2021 14:04:31: 	db connection successful
info: Nov-06-2021 14:05:07: 	listen on port 5000
info: Nov-06-2021 14:05:07: 	db connection successful
info: Nov-06-2021 14:06:29: 	listen on port 5000
info: Nov-06-2021 14:06:29: 	db connection successful
info: Nov-06-2021 14:07:50: 	listen on port 5000
info: Nov-06-2021 14:07:50: 	db connection successful
info: Nov-06-2021 14:09:01: 	listen on port 5000
info: Nov-06-2021 14:09:02: 	db connection successful
info: Nov-06-2021 14:10:14: 	listen on port 5000
info: Nov-06-2021 14:10:15: 	db connection successful
info: Nov-06-2021 14:11:52: 	listen on port 5000
info: Nov-06-2021 14:11:52: 	db connection successful
info: Nov-06-2021 14:13:01: 	listen on port 5000
info: Nov-06-2021 14:13:01: 	db connection successful
info: Nov-06-2021 14:13:41: 	listen on port 5000
info: Nov-06-2021 14:13:42: 	db connection successful
info: Nov-06-2021 14:14:42: 	listen on port 5000
info: Nov-06-2021 14:14:42: 	db connection successful
