error: Oct-16-2021 08:47:25: 	db connection successful
error: Oct-16-2021 08:47:39: 	db connection successful
error: Oct-16-2021 08:48:38: 	db connection successful
error: Oct-16-2021 09:41:32: 	auth signin feeatrertewr or ooooop are incorrect
error: Oct-23-2021 08:58:28: 	auth signin jerome or &lt;p&gt;jerome&lt;&#x2F;p&gt; are incorrect
error: Oct-23-2021 10:16:05: 	[{"value":"","msg":"Invalid value","param":"serie","location":"body"},{"value":"","msg":"Invalid value","param":"wheel","location":"body"}]
error: Oct-23-2021 10:17:16: 	[{"value":"","msg":"Invalid value","param":"wheel","location":"body"}]
error: Oct-23-2021 10:18:46: 	[]
error: Oct-23-2021 10:25:39: 	[]
error: Oct-23-2021 10:27:55: 	[{"msg":"Invalid value","param":"picUrl","location":"body"}]
error: Oct-23-2021 10:29:56: 	[{"msg":"Invalid value","param":"picUrl","location":"body"}]
error: Oct-23-2021 10:32:38: 	[{"value":"","msg":"Invalid value","param":"serie","location":"body"}]
error: Oct-23-2021 10:38:31: 	[{"msg":"Invalid value","param":"style","location":"body"},{"msg":"Invalid value","param":"type","location":"body"},{"msg":"Invalid value","param":"bestSeller","location":"body"}]
error: Oct-23-2021 10:44:09: 	[{"msg":"Invalid value","param":"style","location":"body"},{"msg":"Invalid value","param":"type","location":"body"},{"msg":"Invalid value","param":"bestSeller","location":"body"}]
error: Oct-23-2021 10:45:59: 	[{"msg":"Invalid value","param":"style","location":"body"},{"msg":"Invalid value","param":"type","location":"body"},{"msg":"Invalid value","param":"bestSeller","location":"body"}]
error: Oct-23-2021 10:52:37: 	[{"msg":"Invalid value","param":"style","location":"body"},{"msg":"Invalid value","param":"type","location":"body"},{"msg":"Invalid value","param":"bestSeller","location":"body"}]
error: Nov-06-2021 10:56:59: 	[{"msg":"Invalid value","param":"style","location":"body"},{"msg":"Invalid value","param":"style","location":"body"}]
error: Nov-06-2021 10:58:46: 	[{"msg":"Invalid value","param":"style","location":"body"},{"msg":"Invalid value","param":"style","location":"body"}]
error: Nov-06-2021 11:03:32: 	[{"msg":"Invalid value","param":"allowHalfOpen","location":"body"},{"msg":"Invalid value","param":"allowHalfOpen","location":"body"}]
error: Nov-06-2021 11:24:22: 	[{"msg":"Invalid value","param":"method","location":"headers"},{"msg":"Invalid value","param":"method","location":"headers"}]
error: Nov-06-2021 11:28:12: 	[{"value":"close","msg":"Invalid value","param":"connection","location":"headers"}]
error: Nov-06-2021 11:29:01: 	[{"value":"close","msg":"Invalid value","param":"connection","location":"headers"}]
error: Nov-06-2021 11:30:53: 	[{"value":"close","msg":"Invalid value","param":"connection","location":"headers"}]
error: Nov-13-2021 07:54:50: 	db connection error: MongooseServerSelectionError: Could not connect to any servers in your MongoDB Atlas cluster. One common reason is that you're trying to access the database from an IP that isn't whitelisted. Make sure your current IP address is on your Atlas cluster's IP whitelist: https://docs.atlas.mongodb.com/security-whitelist/
error: Nov-13-2021 08:40:42: 	adminCt carsCt postAddCar: ValidationError: wheel: Cast to Number failed for value "NaN" at path "wheel"
error: Nov-13-2021 08:42:37: 	adminCt carsCt postAddCar: ValidationError: wheel: Cast to Number failed for value "NaN" at path "wheel"
error: Nov-13-2021 08:44:08: 	adminCt carsCt postAddCar: ValidationError: wheel: Cast to Number failed for value "NaN" at path "wheel"
error: Nov-13-2021 08:52:09: 	[{"msg":"badInput","param":"myCustomField","location":"body"}]
error: Nov-13-2021 09:03:10: 	[{"msg":"badInput","param":"myCustomField","location":"body"}]
error: Nov-13-2021 09:04:24: 	[{"msg":"badInput","param":"myCustomField","location":"body"}]
error: Nov-13-2021 09:41:57: 	RouteValidator add-picsstyle: [{"msg":"badInput","param":"myCustomField","location":"body"}]
error: Nov-13-2021 09:48:20: 	RouteValidator add-picsstyle: [{"msg":"badInput","param":"myCustomField","location":"body"}]
error: Nov-13-2021 09:50:07: 	RouteValidator edit-car: [{"msg":"badInput","param":"myCustomField","location":"body"}]
error: Nov-13-2021 09:52:39: 	RouteValidator edit-car: [{"msg":"badInput","param":"myCustomField","location":"body"}]
error: Nov-13-2021 09:53:39: 	RouteValidator edit-car: [{"msg":"badInput","param":"myCustomField","location":"body"}]
error: Nov-13-2021 10:52:13: 	RouteValidator add-picsstyle: [{"msg":"badInput","param":"myCustomField","location":"body"}]
error: Nov-13-2021 10:54:06: 	RouteValidator add-picsstyle: [{"msg":"badInput","param":"myCustomField","location":"body"}]
error: Nov-13-2021 18:25:10: 	RouteValidator edit-car: [{"msg":"badInput","param":"myCustomField","location":"body"}]
error: Nov-13-2021 18:25:12: 	adminCt reviewCt getDeleteReview: TypeError: Cannot read property 'split' of undefined
error: Nov-13-2021 18:25:13: 	RouteValidator add-picsstyle: [{"msg":"badInput","param":"myCustomField","location":"body"}]
error: Nov-13-2021 18:25:17: 	auth signin jerome or jgfjfdu are incorrect
error: Nov-13-2021 18:25:18: 	err when bcrypt compare password: Error: password incorrect
error: Nov-13-2021 18:26:30: 	RouteValidator edit-car: [{"msg":"badInput","param":"myCustomField","location":"body"}]
error: Nov-13-2021 18:26:32: 	adminCt reviewCt getDeleteReview: TypeError: Cannot read property 'split' of undefined
error: Nov-13-2021 18:26:33: 	RouteValidator add-picsstyle: [{"msg":"badInput","param":"myCustomField","location":"body"}]
error: Nov-13-2021 18:26:37: 	auth signin jerome or jgfjfdu are incorrect
error: Nov-13-2021 18:26:37: 	err when bcrypt compare password: Error: password incorrect
error: Nov-13-2021 18:28:15: 	adminCt reviewCt getDeleteReview: TypeError: Cannot read property 'split' of undefined
error: Nov-13-2021 18:28:17: 	RouteValidator add-picsstyle: [{"msg":"badInput","param":"myCustomField","location":"body"}]
error: Nov-13-2021 18:28:21: 	auth signin jerome or jgfjfdu are incorrect
error: Nov-13-2021 18:28:21: 	err when bcrypt compare password: Error: password incorrect
error: Nov-13-2021 18:29:42: 	RouteValidator edit-car: [{"msg":"badInput","param":"myCustomField","location":"body"}]
error: Nov-13-2021 18:29:44: 	adminCt reviewCt getDeleteReview: TypeError: Cannot read property 'split' of undefined
error: Nov-13-2021 18:29:50: 	auth signin jerome or jgfjfdu are incorrect
error: Nov-13-2021 18:29:50: 	err when bcrypt compare password: Error: password incorrect
error: Nov-13-2021 18:31:11: 	RouteValidator edit-car: [{"msg":"badInput","param":"myCustomField","location":"body"}]
error: Nov-13-2021 18:31:12: 	adminCt reviewCt getDeleteReview: TypeError: Cannot read property 'split' of undefined
error: Nov-13-2021 18:31:18: 	auth signin jerome or jgfjfdu are incorrect
error: Nov-13-2021 18:31:18: 	err when bcrypt compare password: Error: password incorrect
error: Nov-13-2021 18:32:08: 	RouteValidator edit-car: [{"msg":"badInput","param":"myCustomField","location":"body"}]
error: Nov-13-2021 18:32:10: 	adminCt reviewCt getDeleteReview: TypeError: Cannot read property 'split' of undefined
error: Nov-13-2021 18:32:16: 	auth signin jerome or jgfjfdu are incorrect
error: Nov-13-2021 18:32:16: 	err when bcrypt compare password: Error: password incorrect
error: Nov-13-2021 18:33:13: 	adminCt reviewCt getDeleteReview: TypeError: Cannot read property 'split' of undefined
error: Nov-13-2021 18:33:19: 	auth signin jerome or jgfjfdu are incorrect
error: Nov-13-2021 18:33:19: 	err when bcrypt compare password: Error: password incorrect
error: Nov-13-2021 18:35:27: 	adminCt reviewCt getDeleteReview: TypeError: Cannot read property 'split' of undefined
error: Nov-13-2021 18:35:32: 	auth signin jerome or jgfjfdu are incorrect
error: Nov-13-2021 18:35:32: 	err when bcrypt compare password: Error: password incorrect
error: Nov-20-2021 07:47:53: 	RouteValidator add-car: [{"msg":"badInput","param":"myCustomField","location":"body"}]
error: Nov-20-2021 07:48:41: 	RouteValidator add-car: [{"msg":"badInput","param":"myCustomField","location":"body"}]
error: Nov-20-2021 07:53:12: 	RouteValidator add-car: [{"msg":"badInput","param":"myCustomField","location":"body"}]
error: Nov-20-2021 07:54:50: 	RouteValidator add-car: [{"msg":"badInput","param":"myCustomField","location":"body"}]
error: Nov-20-2021 08:28:54: 	clientCt carPageCt: MongooseServerSelectionError: Could not connect to any servers in your MongoDB Atlas cluster. One common reason is that you're trying to access the database from an IP that isn't whitelisted. Make sure your current IP address is on your Atlas cluster's IP whitelist: https://docs.atlas.mongodb.com/security-whitelist/
error: Nov-20-2021 08:29:19: 	clientCt carPageCt: MongooseServerSelectionError: Could not connect to any servers in your MongoDB Atlas cluster. One common reason is that you're trying to access the database from an IP that isn't whitelisted. Make sure your current IP address is on your Atlas cluster's IP whitelist: https://docs.atlas.mongodb.com/security-whitelist/
error: Nov-20-2021 08:29:24: 	clientCt carPageCt: MongooseServerSelectionError: Could not connect to any servers in your MongoDB Atlas cluster. One common reason is that you're trying to access the database from an IP that isn't whitelisted. Make sure your current IP address is on your Atlas cluster's IP whitelist: https://docs.atlas.mongodb.com/security-whitelist/
error: Nov-20-2021 08:29:24: 	clientCt carPageCt: MongooseServerSelectionError: Could not connect to any servers in your MongoDB Atlas cluster. One common reason is that you're trying to access the database from an IP that isn't whitelisted. Make sure your current IP address is on your Atlas cluster's IP whitelist: https://docs.atlas.mongodb.com/security-whitelist/
error: Nov-20-2021 08:29:24: 	clientCt carPageCt: MongooseServerSelectionError: Could not connect to any servers in your MongoDB Atlas cluster. One common reason is that you're trying to access the database from an IP that isn't whitelisted. Make sure your current IP address is on your Atlas cluster's IP whitelist: https://docs.atlas.mongodb.com/security-whitelist/
error: Nov-20-2021 08:29:24: 	clientCt carPageCt: MongooseServerSelectionError: Could not connect to any servers in your MongoDB Atlas cluster. One common reason is that you're trying to access the database from an IP that isn't whitelisted. Make sure your current IP address is on your Atlas cluster's IP whitelist: https://docs.atlas.mongodb.com/security-whitelist/
error: Nov-20-2021 17:56:49: 	adminCt reviewCt getDeleteReview: TypeError: Cannot read property 'split' of undefined
error: Nov-20-2021 17:56:54: 	auth signin jerome or jgfjfdu are incorrect
error: Nov-20-2021 17:56:54: 	err when bcrypt compare password: Error: password incorrect
error: Nov-20-2021 18:42:59: 	adminCt reviewCt getDeleteReview: TypeError: Cannot read property 'split' of undefined
error: Nov-20-2021 18:43:05: 	auth signin jerome or jgfjfdu are incorrect
error: Nov-20-2021 18:43:05: 	err when bcrypt compare password: Error: password incorrect
